<?xml version="1.0" encoding="UTF-8"?>
<!-- Generated by org.testng.reporters.JUnitReportReporter -->
<testsuite hostname="DESKTOP-QA052UI" failures="0" tests="1" name="restassuredTests.DELETE_Request" time="3.274" errors="0" timestamp="2022-12-22T23:43:26 IST" skipped="0">
  <testcase classname="restassuredTests.DELETE_Request" name="deleteOperationTest" time="3.274"/>
  <system-out/>
</testsuite> <!-- restassuredTests.DELETE_Request -->
