<?xml version="1.0" encoding="UTF-8"?>
<!-- Generated by org.testng.reporters.JUnitReportReporter -->
<testsuite hostname="DESKTOP-QA052UI" failures="0" tests="1" name="restassuredTests.POST_Request" time="3.336" errors="0" timestamp="2022-12-19T23:06:16 IST" skipped="0">
  <testcase classname="restassuredTests.POST_Request" name="test" time="3.336"/>
  <system-out/>
</testsuite> <!-- restassuredTests.POST_Request -->
