<?xml version="1.0" encoding="UTF-8"?>
<!-- Generated by org.testng.reporters.JUnitReportReporter -->
<testsuite hostname="DESKTOP-QA052UI" failures="0" tests="1" name="restassuredTests.GET_Request" time="4.114" errors="0" timestamp="2022-12-18T12:57:24 IST" skipped="0">
  <testcase classname="restassuredTests.GET_Request" name="getRequest" time="4.114"/>
  <system-out/>
</testsuite> <!-- restassuredTests.GET_Request -->
