<?xml version="1.0" encoding="UTF-8"?>
<!-- Generated by org.testng.reporters.JUnitReportReporter -->
<testsuite hostname="DESKTOP-QA052UI" failures="0" tests="1" name="restassuredTests.PUT_Request" time="3.388" errors="0" timestamp="2022-12-20T21:20:03 IST" skipped="0">
  <testcase classname="restassuredTests.PUT_Request" name="putTest" time="3.388"/>
  <system-out/>
</testsuite> <!-- restassuredTests.PUT_Request -->
